[    0.000000] Linux version 4.15.0-88-generic (buildd@lgw01-amd64-036) (gcc version 7.4.0 (Ubuntu 7.4.0-1ubuntu1~18.04.1)) #88-Ubuntu SMP Tue Feb 11 20:11:34 UTC 2020 (Ubuntu 4.15.0-88.88-generic 4.15.18)
[    0.000000] Command line: BOOT_IMAGE=/boot/vmlinuz-4.15.0-88-generic root=LABEL=cloudimg-rootfs ro console=tty1 console=ttyS0
[    0.000000] KERNEL supported cpus:
[    0.000000]   Intel GenuineIntel
[    0.000000]   AMD AuthenticAMD
[    0.000000]   Centaur CentaurHauls
[    0.000000] x86/fpu: Supporting XSAVE feature 0x001: 'x87 floating point registers'
[    0.000000] x86/fpu: Supporting XSAVE feature 0x002: 'SSE registers'
[    0.000000] x86/fpu: Supporting XSAVE feature 0x004: 'AVX registers'
[    0.000000] x86/fpu: xstate_offset[2]:  576, xstate_sizes[2]:  256
[    0.000000] x86/fpu: Enabled xstate features 0x7, context size is 832 bytes, using 'standard' format.
[    0.000000] e820: BIOS-provided physical RAM map:
[    0.000000] BIOS-e820: [mem 0x0000000000000000-0x000000000009fbff] usable
[    0.000000] BIOS-e820: [mem 0x000000000009fc00-0x000000000009ffff] reserved
[    0.000000] BIOS-e820: [mem 0x00000000000f0000-0x00000000000fffff] reserved
[    0.000000] BIOS-e820: [mem 0x0000000000100000-0x000000003ffeffff] usable
[    0.000000] BIOS-e820: [mem 0x000000003fff0000-0x000000003fffffff] ACPI data
[    0.000000] BIOS-e820: [mem 0x00000000fec00000-0x00000000fec00fff] reserved
[    0.000000] BIOS-e820: [mem 0x00000000fee00000-0x00000000fee00fff] reserved
[    0.000000] BIOS-e820: [mem 0x00000000fffc0000-0x00000000ffffffff] reserved
[    0.000000] NX (Execute Disable) protection: active
[    0.000000] SMBIOS 2.5 present.
[    0.000000] DMI: innotek GmbH VirtualBox/VirtualBox, BIOS VirtualBox 12/01/2006
[    0.000000] Hypervisor detected: KVM
[    0.000000] e820: last_pfn = 0x3fff0 max_arch_pfn = 0x400000000
[    0.000000] MTRR: Disabled
[    0.000000] x86/PAT: MTRRs disabled, skipping PAT initialization too.
[    0.000000] CPU MTRRs all blank - virtualized system.
[    0.000000] x86/PAT: Configuration [0-7]: WB  WT  UC- UC  WB  WT  UC- UC  
[    0.000000] found SMP MP-table at [mem 0x0009fff0-0x0009ffff]
[    0.000000] Scanning 1 areas for low memory corruption
[    0.000000] RAMDISK: [mem 0x35a6d000-0x36d2dfff]
[    0.000000] ACPI: Early table checksum verification disabled
[    0.000000] ACPI: RSDP 0x00000000000E0000 000024 (v02 VBOX  )
[    0.000000] ACPI: XSDT 0x000000003FFF0030 00003C (v01 VBOX   VBOXXSDT 00000001 ASL  00000061)
[    0.000000] ACPI: FACP 0x000000003FFF00F0 0000F4 (v04 VBOX   VBOXFACP 00000001 ASL  00000061)
[    0.000000] ACPI: DSDT 0x000000003FFF0470 0021FF (v02 VBOX   VBOXBIOS 00000002 INTL 20180105)
[    0.000000] ACPI: FACS 0x000000003FFF0200 000040
[    0.000000] ACPI: FACS 0x000000003FFF0200 000040
[    0.000000] ACPI: APIC 0x000000003FFF0240 00005C (v02 VBOX   VBOXAPIC 00000001 ASL  00000061)
[    0.000000] ACPI: SSDT 0x000000003FFF02A0 0001CC (v01 VBOX   VBOXCPUT 00000002 INTL 20180105)
[    0.000000] No NUMA configuration found
[    0.000000] Faking a node at [mem 0x0000000000000000-0x000000003ffeffff]
[    0.000000] NODE_DATA(0) allocated [mem 0x3ffc5000-0x3ffeffff]
[    0.000000] kvm-clock: cpu 0, msr 0:3ff44001, primary cpu clock
[    0.000000] kvm-clock: Using msrs 4b564d01 and 4b564d00
[    0.000000] kvm-clock: using sched offset of 3949719036 cycles
[    0.000000] clocksource: kvm-clock: mask: 0xffffffffffffffff max_cycles: 0x1cd42e4dffb, max_idle_ns: 881590591483 ns
[    0.000000] Zone ranges:
[    0.000000]   DMA      [mem 0x0000000000001000-0x0000000000ffffff]
[    0.000000]   DMA32    [mem 0x0000000001000000-0x000000003ffeffff]
[    0.000000]   Normal   empty
[    0.000000]   Device   empty
[    0.000000] Movable zone start for each node
[    0.000000] Early memory node ranges
[    0.000000]   node   0: [mem 0x0000000000001000-0x000000000009efff]
[    0.000000]   node   0: [mem 0x0000000000100000-0x000000003ffeffff]
[    0.000000] Reserved but unavailable: 98 pages
[    0.000000] Initmem setup node 0 [mem 0x0000000000001000-0x000000003ffeffff]
[    0.000000] ACPI: PM-Timer IO Port: 0x4008
[    0.000000] IOAPIC[0]: apic_id 2, version 32, address 0xfec00000, GSI 0-23
[    0.000000] ACPI: INT_SRC_OVR (bus 0 bus_irq 0 global_irq 2 dfl dfl)
[    0.000000] ACPI: INT_SRC_OVR (bus 0 bus_irq 9 global_irq 9 low level)
[    0.000000] Using ACPI (MADT) for SMP configuration information
[    0.000000] smpboot: Allowing 2 CPUs, 0 hotplug CPUs
[    0.000000] PM: Registered nosave memory: [mem 0x00000000-0x00000fff]
[    0.000000] PM: Registered nosave memory: [mem 0x0009f000-0x0009ffff]
[    0.000000] PM: Registered nosave memory: [mem 0x000a0000-0x000effff]
[    0.000000] PM: Registered nosave memory: [mem 0x000f0000-0x000fffff]
[    0.000000] e820: [mem 0x40000000-0xfebfffff] available for PCI devices
[    0.000000] Booting paravirtualized kernel on KVM
[    0.000000] clocksource: refined-jiffies: mask: 0xffffffff max_cycles: 0xffffffff, max_idle_ns: 7645519600211568 ns
[    0.000000] random: get_random_bytes called from start_kernel+0x99/0x4fd with crng_init=0
[    0.000000] setup_percpu: NR_CPUS:8192 nr_cpumask_bits:2 nr_cpu_ids:2 nr_node_ids:1
[    0.000000] percpu: Embedded 45 pages/cpu s147456 r8192 d28672 u1048576
[    0.000000] PV qspinlock hash table entries: 256 (order: 0, 4096 bytes)
[    0.000000] Built 1 zonelists, mobility grouping on.  Total pages: 257913
[    0.000000] Policy zone: DMA32
[    0.000000] Kernel command line: BOOT_IMAGE=/boot/vmlinuz-4.15.0-88-generic root=LABEL=cloudimg-rootfs ro console=tty1 console=ttyS0
[    0.000000] Memory: 983068K/1048120K available (12300K kernel code, 2481K rwdata, 4264K rodata, 2428K init, 2712K bss, 65052K reserved, 0K cma-reserved)
[    0.000000] SLUB: HWalign=64, Order=0-3, MinObjects=0, CPUs=2, Nodes=1
[    0.000000] Kernel/User page tables isolation: enabled
[    0.000000] ftrace: allocating 39344 entries in 154 pages
[    0.004000] Hierarchical RCU implementation.
[    0.004000] 	RCU restricting CPUs from NR_CPUS=8192 to nr_cpu_ids=2.
[    0.004000] 	Tasks RCU enabled.
[    0.004000] RCU: Adjusting geometry for rcu_fanout_leaf=16, nr_cpu_ids=2
[    0.004000] NR_IRQS: 524544, nr_irqs: 440, preallocated irqs: 16
[    0.004000] Console: colour VGA+ 80x25
[    0.004000] console [tty1] enabled
[    0.004000] console [ttyS0] enabled
[    0.004000] ACPI: Core revision 20170831
[   0.04000] ACPI: 2 ACPI AML tables successfully acquired and loaded
[    0.004000] APIC: Switch to symmetric I/O mode setup
[    0.004000] x2apic enabled
[    0.004000] Switched APIC routing to physical x2apic.
[    0.004000] ..TIMER: vector=0x30 apic1=0 pin1=2 apic2=-1 pin2=-1
[    0.004005] tsc: Detected 2276.450 MHz processor
[    0.004870] Calibrating delay loop (skipped) preset value.. 4552.90 BogoMIPS (lpj=9105800)
[    0.005552] pid_max: default: 32768 minimum: 301
[    0.008043] Security Framework initialized
[    0.008832] Yama: becoming mindful.
[    0.009697] AppArmor AppArmor initialized
[    0.012750] Dentry cache hash table entries: 131072 (order: 8, 1048576 bytes)
[    0.016089] Inode-cache hash table entries: 65536 (order: 7, 524288 bytes)
[    0.017567] Mount-cache hash table entries: 2048 (order: 2, 16384 bytes)
[    0.020045] Mountpoint-cache hash table entries: 2048 (order: 2, 16384 bytes)
[    0.024323] Last level iTLB entries: 4KB 1024, 2MB 1024, 4MB 1024
[    0.025468] Last level dTLB entries: 4KB 1024, 2MB 1024, 4MB 1024, 1GB 4
[    0.026836] Spectre V1 : Mitigation: usercopy/swapgs barriers and __user pointer sanitization
[    0.028004] Spectre V2 : Mitigation: Full generic retpoline
[    0.029335] Spectre V2 : Spectre v2 / SpectreRSB mitigation: Filling RSB on context switch
[    0.032003] Speculative Store Bypass: Vulnerable
[    0.033107] MDS: Mitigation: Clear CPU buffers
[    0.034164] Freeing SMP alternatives memory: 36K
[    0.145320] smpboot: CPU0: Intel(R) Core(TM) i5-4200U CPU @ 1.60GHz (family: 0x6, model: 0x45, stepping: 0x1)
[    0.148103] Performance Events: unsupported p6 CPU model 69 no PMU driver, software events only.
[    0.149809] Hierarchical SRCU implementation.
[    0.151364] NMI watchdog: Perf event create on CPU 0 failed with -2
[    0.152003] NMI watchdog: Perf NMI watchdog permanently disabled
[    0.153187] smp: Bringing up secondary CPUs ...
[    0.154145] x86: Booting SMP configuration:
[    0.156003] .... node  #0, CPUs:      #1
[    0.004000] kvm-clock: cpu 1, msr 0:3ff44041, secondary cpu clock
[    0.159783] smp: Brought up 1 node, 2 CPUs
[    0.161268] smpboot: Max logical packages: 1
[    0.162362] smpboot: Total of 2 processors activated (9105.80 BogoMIPS)
[    0.164062] devtmpfs: initialized
[    0.164811] x86/mm: Memory block size: 128MB
[    0.165949] evm: security.selinux
[    0.166675] evm: security.SMACK64
[    0.167394] evm: security.SMACK64EXEC
[    0.168005] evm: security.SMACK64TRANSMUTE
[    0.168869] evm: security.SMACK64MMAP
[    0.172003] evm: security.apparmor
[    0.172740] evm: security.ima
[    0.176006] evm: security.capability
[    0.180120] clocksource: jiffies: mask: 0xffffffff max_cycles: 0xffffffff, max_idle_ns: 7645041785100000 ns
[    0.182331] futex hash table entries: 512 (order: 3, 32768 bytes)
[    0.184727] pinctrl core: initialized pinctrl subsystem
[    0.186081] RTC time: 18:33:00, date: 03/07/20
[    0.187267] NET: Registered protocol family 16
[    0.188138] audit: initializing netlink subsys (disabled)
[    0.189262] audit: type=2000 audit(1583605985.361:1): state=initialized audit_enabled=0 res=1
[    0.192013] cpuidle: using governor ladder
[    0.192832] cpuidle: using governor menu
[    0.193670] ACPI: bus type PCI registered
[    0.194447] acpiphp: ACPI Hot Plug PCI Controller Driver version: 0.5
[    0.196117] PCI: Using configuration type 1 for base access
[    0.201247] HugeTLB registered 2.00 MiB page size, pre-allocated 0 pages
[    0.204115] ACPI: Added _OSI(Module Device)
[    0.205129] ACPI: Added _OSI(Processor Device)
[    0.206075] ACPI: Added _OSI(3.0 _SCP Extensions)
[    0.208017] ACPI: Added _OSI(Processor Aggregator Device)
[    0.209107] ACPI: Added _OSI(Linux-Dell-Video)
[    0.212004] ACPI: Added _OSI(Linux-Lenovo-NV-HDMI-Audio)
[    0.212990] ACPI: Added _OSI(Linux-HPI-Hybrid-Graphics)
[    0.216360] ACPI: Executed 1 blocks of module-level executable AML code
[    0.223543] ACPI: Interpreter enabled
[    0.224023] ACPI: (supports S0 S5)
[    0.224909] ACPI: Using IOAPIC for interrupt routing
[    0.228100] PCI: Using host bridge windows from ACPI; if necessary, use "pci=nocrs" and report a bug
[    0.230454] ACPI: Enabled 2 GPEs in block 00 to 07
[    0.238013] ACPI: PCI Root Bridge [PCI0] (domain 0000 [bus 00-ff])
[    0.239388] acpi PNP0A03:00: _OSC: OS supports [ASPM ClockPM Segments MSI]
[    0.240042] acpi PNP0A03:00: _OSC: not requesting OS control; OS requires [ExtendedConfig ASPM ClockPM MSI]
[    0.241807] acpi PNP0A03:00: fail to add MMCONFIG information, can't access extended PCI configuration space under this bridge.
[    0.244405] PCI host bridge to bus 0000:00
[    0.245198] pci_bus 0000:00: root bus resource [io  0x0000-0x0cf7 window]
[    0.246432] pci_bus 0000:00: root bus resource [io  0x0d00-0xffff window]
[    0.248005] pci_bus 0000:00: root bus resource [mem 0x000a0000-0x000bffff window]
[    0.249445] pci_bus 0000:00: root bus resource [mem 0x40000000-0xfdffffff window]
[    0.250854] pci_bus 0000:00: root bus resource [bus 00-ff]
[    0.254060] pci 0000:00:01.1: legacy IDE quirk: reg 0x10: [io  0x01f0-0x01f7]
[    0.255367] pci 0000:00:01.1: legacy IDE quirk: reg 0x14: [io  0x03f6]
[    0.256004] pci 0000:00:01.1: legacy IDE quirk: reg 0x18: [io  0x0170-0x0177]
[    0.257288] pci 0000:00:01.1: legacy IDE quirk: reg 0x1c: [io  0x0376]
[    0.284162] pci 0000:00:07.0: quirk: [io  0x4000-0x403f] claimed by PIIX4 ACPI
[    0.288016] pci 0000:00:07.0: quirk: [io  0x4100-0x410f] claimed by PIIX4 SMB
[    0.305022] ACPI: PCI Interrupt Link [LNKA] (IRQs 5 9 10 *11)
[    0.312077] ACPI: PCI Interrupt Link [LNKB] (IRQs 5 9 *10 11)
[    0.313458] ACPI: PCI Interrupt Link [LNKC] (IRQs 5 *9 10 11)
[    0.314810] ACPI: PCI Interrupt Link [LNKD] (IRQs 5 9 10 *11)
[    0.316462] SCSI subsystem initialized
[    0.317464] pci 0000:00:02.0: vgaarb: setting as boot VGA device
[    0.317464] pci 0000:00:02.0: vgaarb: VGA device added: decodes=io+mem,owns=io+mem,locks=none
[    0.320016] pci 0000:00:02.0: vgaarb: bridge control possible
[    0.321222] vgaarb: loaded
[    0.321882] ACPI: bus type USB registered
[    0.322850] usbcore: registered new interface driver usbfs
[    0.324013] usbcore: registered new interface driver hub
[    0.325200] usbcore: registered new device driver usb
[    0.326456] EDAC MC: Ver: 3.0.0
[    0.326456] PCI: Using ACPI for IRQ routing
[    0.332028] NetLabel: Initializing
[    0.332807] NetLabel:  domain hash size = 128
[    0.333738] NetLabel:  protocols = UNLABELED CIPSOv4 CALIPSO
[    0.334955] NetLabel:  unlabeled traffic allowed by default
[    0.336134] clocksource: Switched to clocksource kvm-clock
[    0.349263] VFS: Disk quotas dquot_6.6.0
[    0.350220] VFS: Dquot-cache hash table entries: 512 (order 0, 4096 bytes)
[    0.351851] AppArmor: AppArmor Filesystem Enabled
[    0.352921] pnp: PnP ACPI init
[    0.354618] pnp: PnP ACPI: found 3 devices
[    0.365458] clocksource: acpi_pm: mask: 0xffffff max_cycles: 0xffffff, max_idle_ns: 2085701024 ns
[    0.367661] NET: Registered protocol family 2
[    0.368967] TCP established hash table entries: 8192 (order: 4, 65536 bytes)
[    0.370631] TCP bind hash table entries: 8192 (order: 5, 131072 bytes)
[    0.372763] TCP: Hash tables configured (established 8192 bind 8192)
[    0.374144] UDP hash table entries: 512 (order: 2, 16384 bytes)
[    0.375452] UDP-Lite hash table entries: 512 (order: 2, 16384 bytes)
[    0.376829] NET: Registered protocol family 1
[    0.377819] pci 0000:00:00.0: Limiting direct PCI/PCI transfers
[    0.379109] pci 0000:00:01.0: Activating ISA DMA hang workarounds
[    0.380468] pci 0000:00:02.0: Video device with shadowed ROM at [mem 0x000c0000-0x000dffff]
[    0.382294] Unpacking initramfs...
[    0.705262] Freeing initrd memory: 19204K
[    0.760504] clocksource: tsc: mask: 0xffffffffffffffff max_cycles: 0x20d04e5b6c1, max_idle_ns: 440795242084 ns
[    0.812776] platform rtc_cmos: registered platform RTC device (no PNP device found)
[    0.820969] Scanning for low memory corruption every 60 seconds
[    0.822901] Initialise system trusted keyrings
[    0.829342] Key type blacklist registered
[    0.830424] workingset: timestamp_bits=36 max_order=18 bucket_order=0
[    0.851133] zbud: loaded
[    0.852581] squashfs: version 4.0 (2009/01/31) Phillip Lougher
[    0.854071] fuse init (API version 7.26)
[    0.858031] Key type asymmetric registered
[    0.859129] Asymmetric key parser 'x509' registered
[    0.860479] Block layer SCSI generic (bsg) driver version 0.4 loaded (major 246)
[    0.862633] io scheduler noop registered
[    0.869436] io scheduler deadline registered
[    0.873410] io scheduler cfq registered (default)
[    0.875514] ACPI: AC Adapter [AC] (on-line)
[    0.876478] input: Power Button as /devices/LNXSYSTM:00/LNXPWRBN:00/input/input0
[    0.878155] ACPI: Power Button [PWRF]
[    0.879439] input: Sleep Button as /devices/LNXSYSTM:00/LNXSLPBN:00/input/input1
[    0.887020] ACPI: Sleep Button [SLPF]
[    0.890136] ACPI: Battery Slot [BAT0] (battery present)
[    0.892092] Serial: 8250/16550 driver, 32 ports, IRQ sharing enabled
[    0.917365] 00:02: ttyS0 at I/O 0x3f8 (irq = 4, base_baud = 115200) is a 16550A
[    0.950029] Linux agpgart interface v0.103
[    0.964435] loop: module loaded
[    0.966701] scsi host0: ata_piix
[    0.967829] scsi host1: ata_piix
[    0.968740] ata1: PATA max UDMA/33 cmd 0x1f0 ctl 0x3f6 bmdma 0xd000 irq 14
[    0.970389] ata2: PATA max UDMA/33 cmd 0x170 ctl 0x376 bmdma 0xd008 irq 15
[    0.972277] libphy: Fixed MDIO Bus: probed
[    0.973279] tun: Universal TUN/TAP device driver, 1.6
[    0.980491] PPP generic driver version 2.4.2
[    0.981739] ehci_hcd: USB 2.0 'Enhanced' Host Controller (EHCI) Driver
[    0.983185] ehci-pci: EHCI PCI platform driver
[    0.992543] ehci-platform: EHCI generic platform driver
[    0.993531] ohci_hcd: USB 1.1 'Open' Host Controller (OHCI) Driver
[    0.994667] ohci-pci: OHCI PCI platform driver
[    0.995523] ohci-platform: OHCI generic platform driver
[    0.996578] uhci_hcd: USB Universal Host Controller Interface driver
[    0.997828] i8042: PNP: PS/2 Controller [PNP0303:PS2K,PNP0f03:PS2M] at 0x60,0x64 irq 1,12
[    1.021129] serio: i8042 KBD port at 0x60,0x64 irq 1
[    1.022125] serio: i8042 AUX port at 0x60,0x64 irq 12
[    1.023287] mousedev: PS/2 mouse device common for all mice
[    1.025016] input: AT Translated Set 2 keyboard as /devices/platform/i8042/serio0/input/input2
[    1.026842] rtc_cmos rtc_cmos: rtc core: registered rtc_cmos as rtc0
[    1.028088] rtc_cmos rtc_cmos: alarms up to one day, 114 bytes nvram
[    1.029282] i2c /dev entries driver
[    1.030033] device-mapper: uevent: version 1.0.3
[    1.031020] device-mapper: ioctl: 4.37.0-ioctl (2017-09-20) initialised: dm-devel@redhat.com
[    1.041353] ledtrig-cpu: registered to indicate activity on CPUs
[    1.042973] NET: Registered protocol family 10
[    1.048661] Segment Routing with IPv6
[    1.049570] NET: Registered protocol family 17
[    1.058167] Key type dns_resolver registered
[    1.064645] mce: Using 0 MCE banks
[    1.065473] RAS: Correctable Errors collector initialized.
[    1.066917] sched_clock: Marking stable (1064608842, 0)->(1862593123, -797984281)
[    1.069274] registered taskstats version 1
[    1.072896] Loading compiled-in X.509 certificates
[    1.077342] Loaded X.509 cert 'Build time autogenerated kernel key: f0020782f0d3a548186fb3f47aed88387a71e859'
[    1.079857] zswap: loaded using pool lzo/zbud
[    1.091549] Key type big_key registered
[    1.092845] Key type trusted registered
[    1.097470] Key type encrypted registered
[    1.100916] AppArmor: AppArmor sha1 policy hashing enabled
[    1.101920] ima: No TPM chip found, activating TPM-bypass! (rc=-19)
[    1.103034] ima: Allocated hash algorithm: sha1
[    1.103888] evm: HMAC attrs: 0x1
[    1.104896]   Magic number: 12:445:594
[    1.105766] rtc_cmos rtc_cmos: setting system clock to 2020-03-07 18:33:01 UTC (1583605981)
[    1.114902] BIOS EDD facility v0.16 2004-Jun-25, 0 devices found
[    1.116039] EDD information not available.
[    1.136564] Freeing unused kernel image memory: 2428K
[    1.152188] Write protecting the kernel read-only data: 20480k
[    1.160991] Freeing unused kernel image memory: 2008K
[    1.164283] Freeing unused kernel image memory: 1880K
[    1.188643] x86/mm: Checked W+X mappings: passed, no W+X pages found.
[    1.261072] x86/mm: Checking user space page tables
[    1.273382] x86/mm: Checked W+X mappings: passed, no W+X pages found.
Loading, please wait...
starting version 237
[    1.467319] e1000: Intel(R) PRO/1000 Network Driver - version 7.3.21-k8-NAPI
[    1.496861] e1000: Copyright (c) 1999-2006 Intel Corporation.
[    1.531508] AVX2 version of gcm_enc/dec engaged.
[    1.532788] AES CTR mode by8 optimization enabled
[    1.534213] Fusion MPT base driver 3.04.20
[    1.535259] Copyright (c) 1999-2008 LSI Corporation
[    1.559402] Fusion MPT SPI Host driver 3.04.20
[    1.730886] input: ImExPS/2 Generic Explorer Mouse as /devices/platform/i8042/serio1/input/input4
[    1.919418] e1000 0000:00:03.0 eth0: (PCI:33MHz:32-bit) 02:2a:ce:cf:0d:74
[    1.920786] e1000 0000:00:03.0 eth0: Intel(R) PRO/1000 Network Connection
[    2.332033] e1000 0000:00:08.0 eth1: (PCI:33MHz:32-bit) 08:00:27:7a:af:f5
[    2.345074] e1000 0000:00:08.0 eth1: Intel(R) PRO/1000 Network Connection
[    2.355945] e1000 0000:00:08.0 enp0s8: renamed from eth1
[    2.357443] mptbase: ioc0: Initiating bringup
[    2.372826] e1000 0000:00:03.0 enp0s3: renamed from eth0
[    2.496772] ioc0: LSI53C1030 A0: Capabilities={Initiator}
[    3.292571] scsi host2: ioc0: LSI53C1030 A0, FwRev=00000000h, Ports=1, MaxQ=256, IRQ=20
[    3.554485] scsi 2:0:0:0: Direct-Access     VBOX     HARDDISK         1.0  PQ: 0 ANSI: 5
[    3.592243] scsi target2:0:0: Beginning Domain Validation
[    3.626396] scsi target2:0:0: Domain Validation skipping write tests
[    3.627555] scsi target2:0:0: Ending Domain Validation
[    3.628597] scsi target2:0:0: asynchronous
[    3.630034] scsi 2:0:1:0: Direct-Access     VBOX     HARDDISK         1.0  PQ: 0 ANSI: 5
[    3.660131] scsi target2:0:1: Beginning Domain Validation
[    3.670208] random: fast init done
[    3.680582] scsi target2:0:1: Domain Validation skipping write tests
[    3.682573] scsi target2:0:1: Ending Domain Validation
[    3.683937] scsi target2:0:1: asynchronous
[    3.689800] random: systemd-udevd: uninitialized urandom read (16 bytes read)
[    3.692462] random: systemd-udevd: uninitialized urandom read (16 bytes read)
[    3.695164] random: systemd-udevd: uninitialized urandom read (16 bytes read)
[    3.697925] sd 2:0:0:0: Attached scsi generic sg0 type 0
[    3.698233] sd 2:0:0:0: [sda] 20971520 512-byte logical blocks: (10.7 GB/10.0 GiB)
[    3.699373] sd 2:0:1:0: Attached scsi generic sg1 type 0
[    3.701111] sd 2:0:0:0: [sda] Write Protect is off
[    3.703352] sd 2:0:1:0: [sdb] 20480 512-byte logical blocks: (10.5 MB/10.0 MiB)
[    3.712848] sd 2:0:0:0: [sda] Incomplete mode parameter data
[    3.712877] sd 2:0:1:0: [sdb] Write Protect is off
[    3.714277] sd 2:0:0:0: [sda] Assuming drive cache: write through
[    3.716745] sd 2:0:1:0: [sdb] Incomplete mode parameter data
[    3.718211] sd 2:0:1:0: [sdb] Assuming drive cache: write through
[    3.754935]  sda: sda1
[    3.756896] sd 2:0:1:0: [sdb] Attached SCSI disk
[    3.772141] sd 2:0:0:0: [sda] Attached SCSI disk
Begin: Loading essential drivers ... [    5.447548] raid6: sse2x1   gen()  6716 MB/s
[    5.497936] raid6: sse2x1   xor()  5956 MB/s
[    5.548332] raid6: sse2x2   gen() 10427 MB/s
[    5.600502] raid6: sse2x2   xor()  6105 MB/s
[    5.653633] raid6: sse2x4   gen() 12029 MB/s
[    5.704838] raid6: sse2x4   xor()  7408 MB/s
[    5.760019] raid6: avx2x1   gen() 18920 MB/s
[    5.808314] raid6: avx2x1   xor() 10765 MB/s
[    5.881014] raid6: avx2x2   gen() 20386 MB/s
[    5.932019] raid6: avx2x2   xor() 11559 MB/s
[    5.981814] raid6: avx2x4   gen() 22466 MB/s
[    6.032206] raid6: avx2x4   xor() 15355 MB/s
[    6.033204] raid6: using algorithm avx2x4 gen() 22466 MB/s
[    6.034381] raid6: .... xor() 15355 MB/s, rmw enabled
[    6.035505] raid6: using avx2x2 recovery algorithm
[    6.038279] xor: automatically using best checksumming function   avx       
[    6.042790] async_tx: api initialized (async)
done.
Begin: Running /scripts/init-premount ... done.
Begin: Mounting root file system ... Begin: Running /scripts/local-top ... done.
Begin: Running /scripts/local-premount ... [    6.098477] Btrfs loaded, crc32c=crc32c-intel
Scanning for Btrfs filesystems
done.
Warning: fsck not present, so skipping root file system
[    7.969570] EXT4-fs (sda1): mounted filesystem with ordered data mode. Opts: (null)
done.
Begin: Running /scripts/local-bottom ... done.
Begin: Running /scripts/init-bottom ... done.
[    9.082108] random: crng init done
[    9.253407] random: 7 urandom warning(s) missed due to ratelimiting
[   13.128174] ip_tables: (C) 2000-2006 Netfilter Core Team
[   13.302858] systemd[1]: systemd 237 running in system mode. (+PAM +AUDIT +SELINUX +IMA +APPARMOR +SMACK +SYSVINIT +UTMP +LIBCRYPTSETUP +GCRYPT +GNUTLS +ACL +XZ +LZ4 +SECCOMP +BLKID +ELFUTILS +KMOD -IDN2 +IDN -PCRE2 default-hierarchy=hybrid)
[   13.360300] systemd[1]: Detected virtualization oracle.
[   13.361480] systemd[1]: Detected architecture x86-64.

Welcome to [1mUbuntu 18.04.4 LTS[0m!

[   13.651782] systemd[1]: Set hostname to <ubuntu>.
[   13.981050] systemd[1]: Initializing machine ID from random generator.
[   13.985033] systemd[1]: Installed transient /etc/machine-id file.
[   20.417704] systemd[1]: Started Forward Password Requests to Wall Directory Watch.
[[0;32m  OK  [0m] Started Forward Password Requests to Wall Directory Watch.
[   20.427249] systemd[1]: Reached target User and Group Name Lookups.
[[0;32m  OK  [0m] Reached target User and Group Name Lookups.
[   20.450142] systemd[1]: Created slice User and Session Slice.
[[0;32m  OK  [0m] Created slice User and Session Slice.
[   20.454785] systemd[1]: Reached target Swap.
[[0;32m  OK  [0m] Reached target Swap.
[   20.457544] systemd[1]: Reached target System Time Synchronized.
[[0;32m  OK  [0m] Reached target System Time Synchronized.
[   20.460501] systemd[1]: Set up automount Arbitrary Executable File Formats File System Automount Point.
[[0;32m  OK  [0m] Set up automount Arbitrary Executab…rmats File System Automount Point.
[   20.464266] systemd[1]: Created slice System Slice.
[[0;32m  OK  [0m] Created slice System Slice.
[   20.466249] systemd[1]: Listening on Journal Audit Socket.
[[0;32m  OK  [0m] Listening on Journal Audit Socket.
[   20.468447] systemd[1]: Listening on Journal Socket.
[[0;32m  OK  [0m] Listening on Journal Socket.
[   20.474598] systemd[1]: Starting Uncomplicated firewall...
         Starting Uncomplicated firewall...
         Starting Remount Root and Kernel File Systems...
         Mounting Kernel Debug File System...
         Mounting POSIX Message Queue File System...
[[0;32m  OK  [0m] Reached target Slices.
[[0;32m  OK  [0m] Listening on Network Service Netlink Socket.
[[0;32m  OK  [0m] Listening on /dev/initctl Compatibility Named Pipe.
         Starting Load Kernel Modules...
         Starting Create list of required st…ce nodes for the current kernel...
         Starting Set the console keyboard layout...
[[0;32m  OK  [0m] Created slice system-serial\x2dgetty.slice.
[[0;32m  OK  [0m] Listening on LVM2 metadata daemon socket.
[[0;32m  OK  [0m] Listening on Syslog Socket.
[[0;32m  OK  [0m] Listening on udev Kernel Socket.
         Mountin[   21.207745] EXT4-fs (sda1): re-mounted. Opts: (null)
g Huge Pages File System...
[[0;32m  OK  [0m] Listening on LVM2 poll daemon socket.
[[0;32m  OK  [0m] Listening on Journal Socket (/dev/log).
         Starting Journal Service...
[[0;32m  OK  [0m] Listening on udev Control Socket.
         Starting udev Coldplug all Devices...
[[0;32m  OK  [0m] Listening on Device-mapper event daemon FIFOs.
         Starting Monitoring of LVM2 mirrors…ng dmeventd or progress polling...
[[0;32m  OK  [0m] Started Uncomplicated firewall.
[[0;32m  OK  [0m] Started Remount Root and Kernel File Systems.
[[0;32m  OK  [0m] Mounted Kernel Debug File System.
[[0;32m  OK  [0m] Mounted POSIX Message Queue File System.
[[0;32m  OK  [0m] Started Create list of required sta…vice nodes for the current kernel.
[[0;32m  OK  [0m] Mounted Huge Pages File System.
         Starting Create Static Device Nodes in /dev...
         Starting Load/Save Random Seed...
[   21.816767] Loading iSCSI transport class v2.0-870.
[   21.850676] iscsi: registered transport (tcp)
[[0;32m  OK  [0m] Started Journal Service.
         Starting Flush Journal to Persistent Storage...
[[0;32m  OK  [0m] Started udev Coldplug all Devices.
[[0;32m  OK  [0m] Started Load/Save Random Seed.
[   23.067823] systemd-journald[396]: Received request to flush runtime journal from PID 1
[[0;32m  OK  [0m] Started Set the console keyboard layout.
[   24.095496] iscsi: registered transport (iser)
[[0;32m  OK  [0m] Started Load Kernel Modules.
         Mounting FUSE Control File System...
         Mounting Kernel Configuration File System...
         Starting Apply Kernel Variables...
[[0;32m  OK  [0m] Mounted FUSE Control File System.
[[0;32m  OK  [0m] Mounted Kernel Configuration File System.
[[0;32m  OK  [0m] Started Flush Journal to Persistent Storage.
[[0;32m  OK  [0m] Started LVM2 metadata daemon.
[[0;32m  OK  [0m] Started Create Static Device Nodes in /dev.
         Starting udev Kernel Device Manager...
[[0;32m  OK  [0m] Started Apply Kernel Variables.
[[0;32m  OK  [0m] Started Monitoring of LVM2 mirrors,…sing dmeventd or progress polling.
[[0;32m  OK  [0m] Reached target Local File Systems (Pre).
[[0;32m  OK  [0m] Reached target Local File Systems.
         Starting Set console font and keymap...
         Starting Create Volatile Files and Directories...
         Starting ebtables ruleset management...
         Starting Commit a transient machine-id on disk...
         Starting AppArmor initialization...
         Starting Tell Plymouth To Write Out Runtime Data...
[[0;32m  OK  [0m] Started Set console font and keymap.
[[0;32m  OK  [0m] Started Create Volatile Files and Directories.
         Starting Update UTMP about System Boot/Shutdown...
[[0;32m  OK  [0m] Started Tell Plymouth To Write Out Runtime Data.
[[0;32m  OK  [0m] Started Update UTMP about System Boot/Shutdown.
[[0;32m  OK  [0m] Started Commit a transient machine-id on disk.
[[0;32m  OK  [0m] Started udev Kernel Device Manager.
[[0;32m  OK  [0m] Started Dispatch Password Requests to Console Directory Watch.
[[0;32m  OK  [0m] Reached target Local Encrypted Volumes.
[[0;32m  OK  [0m] Started ebtables ruleset management.
[[0;32m  OK  [0m] Found device /dev/ttyS0.
[[0;32m  OK  [0m] Listening on Load/Save RF Kill Switch Status /dev/rfkill Watch.
[[0;32m  OK  [0m] Started AppArmor initialization.
         Starting Initial cloud-init job (pre-networking)...
[   33.991870] cloud-init[533]: Cloud-init v. 19.4-33-gbb4131a2-0ubuntu1~18.04.1 running 'init-local' at Sat, 07 Mar 2020 18:33:33 +0000. Up 33.23 seconds.
[[0;32m  OK  [0m] Started Initial cloud-init job (pre-networking).
[[0;32m  OK  [0m] Reached target Network (Pre).
         Starting Network Service...
[[0;32m  OK  [0m] Started Network Service.
         Starting Wait for Network to be Configured...
         Starting Network Name Resolution...
[[0;32m  OK  [0m] Started Network Name Resolution.
[[0;32m  OK  [0m] Reached target Host and Network Name Lookups.
[[0;32m  OK  [0m] Reached target Network.
[[0;32m  OK  [0m] Started Wait for Network to be Configured.
         Starting Initial cloud-init job (metadata service crawler)...
[   37.217749] cloud-init[649]: Cloud-init v. 19.4-33-gbb4131a2-0ubuntu1~18.04.1 running 'init' at Sat, 07 Mar 2020 18:33:37 +0000. Up 36.86 seconds.
[   37.225523] cloud-init[649]: ci-info: ++++++++++++++++++++++++++++++++++++++Net device info++++++++++++++++++++++++++++++++++++++
[   37.227572] cloud-init[649]: ci-info: +--------+-------+---------------------------+---------------+--------+-------------------+
[   37.229783] cloud-init[649]: ci-info: | Device |   Up  |          Address          |      Mask     | Scope  |     Hw-Address    |
[   37.232371] cloud-init[649]: ci-info: +--------+-------+---------------------------+---------------+--------+-------------------+
[   37.234307] cloud-init[649]: ci-info: | enp0s3 |  True |         10.0.2.15         | 255.255.255.0 | global | 02:2a:ce:cf:0d:74 |
[   37.250911] cloud-init[649]: ci-info: | enp0s3 |  True | fe80::2a:ceff:fecf:d74/64 |       .       |  link  | 02:2a:ce:cf:0d:74 |
[   37.312431] cloud-init[649]: ci-info: | enp0s8 | False |             .             |       .       |   .    | 08:00:27:7a:af:f5 |
[   37.352408] cloud-init[649]: ci-info: |   lo   |  True |         127.0.0.1         |   255.0.0.0   |  host  |         .         |
[   37.382775] cloud-init[649]: ci-info: |   lo   |  True |          ::1/128          |       .       |  host  |         .         |
[   37.386635] cloud-init[649]: ci-info: +--------+-------+---------------------------+---------------+--------+-------------------+
[   37.388895] cloud-init[649]: ci-info: ++++++++++++++++++++++++++++Route IPv4 info+++++++++++++++++++++++++++++
[   37.390459] cloud-init[649]: ci-info: +-------+-------------+----------+-----------------+-----------+-------+
[   37.422888] cloud-init[649]: ci-info: | Route | Destination | Gateway  |     Genmask     | Interface | Flags |
[   37.426959] cloud-init[649]: ci-info: +-------+-------------+----------+-----------------+-----------+-------+
[   37.428985] cloud-init[649]: ci-info: |   0   |   0.0.0.0   | 10.0.2.2 |     0.0.0.0     |   enp0s3  |   UG  |
[   37.433475] cloud-init[649]: ci-info: |   1   |   10.0.2.0  | 0.0.0.0  |  255.255.255.0  |   enp0s3  |   U   |
[   37.435348] cloud-init[649]: ci-info: |   2   |   10.0.2.2  | 0.0.0.0  | 255.255.255.255 |   enp0s3  |   UH  |
[   37.437025] cloud-init[649]: ci-info: +-------+-------------+----------+-----------------+-----------+-------+
[   37.449206] cloud-init[649]: ci-info: +++++++++++++++++++Route IPv6 info+++++++++++++++++++
[   37.450846] cloud-init[649]: ci-info: +-------+-------------+---------+-----------+-------+
[   37.464281] cloud-init[649]: ci-info: | Route | Destination | Gateway | Interface | Flags |
[   37.508315] cloud-init[649]: ci-info: +-------+-------------+---------+-----------+-------+
[   37.540609] cloud-init[649]: ci-info: |   1   |  fe80::/64  |    ::   |   enp0s3  |   U   |
[   37.545922] cloud-init[649]: ci-info: |   3   |    local    |    ::   |   enp0s3  |   U   |
[   37.547691] cloud-init[649]: ci-info: |   4   |   ff00::/8  |    ::   |   enp0s3  |   U   |
[   37.548889] cloud-init[649]: ci-info: +-------+-------------+---------+-----------+-------+
[   40.181672] cloud-init[649]: Generating public/private rsa key pair.
[   40.183147] cloud-init[649]: Your identification has been saved in /etc/ssh/ssh_host_rsa_key.
[   40.184908] cloud-init[649]: Your public key has been saved in /etc/ssh/ssh_host_rsa_key.pub.
[   40.188775] cloud-init[649]: The key fingerprint is:
[   40.189644] cloud-init[649]: SHA256:SrNfSLiRRtF27yG6BQhq22Sc4G+4edXkscJdEBNCYS8 root@ubuntu-bionic
[   40.190916] cloud-init[649]: The key's randomart image is:
[   40.191802] cloud-init[649]: +---[RSA 2048]----+
[   40.220779] cloud-init[649]: |     .*o+o       |
[   40.221680] cloud-init[649]: |  . .. ++..      |
[   40.222453] cloud-init[649]: | . + oEo.o .     |
[   40.223214] cloud-init[649]: |  + =..++ o o    |
[   40.224046] cloud-init[649]: | . B .B=S* o .   |
[   40.224879] cloud-init[649]: |  o +o+B*.. .    |
[   40.225653] cloud-init[649]: |   + .+..o.      |
[[0;32m  OK  [0m] Started Initial cloud-init job (metadata service crawler).
[   40.277821] cloud-init[649]: |  o .  ...       |
[[   40.302804] cloud-init[649]: |   .    .        |
[   40.303523] cloud-init[649]: +----[SHA256]-----+
[   40.304692] cloud-init[649]: Generating public/private dsa key pair.
[   40.305468] cloud-init[649]: Your identification has been saved in /etc/ssh/ssh_host_dsa_key.
[   40.306238] cloud-init[649]: Your public key has been saved in /etc/ssh/ssh_host_dsa_key.pub.
[   40.307062] cloud-init[649]: The key fingerprint is:
[   40.307589] cloud-init[649]: SHA256:r7LQdUF1Cp7xKTzLzSR5ZR2AvEoemTx0RceUTkVDbW0 root@ubuntu-bionic
[   40.308572] cloud-init[649]: The key's randomart image is:
[   40.308977] cloud-init[649]: +---[DSA 1024]----+
[   40.309336] cloud-init[649]: |          =.=+OOO|
[   40.309998] cloud-init[649]: |         = X *.+E|
[0;32m  OK  [0m] Reached target System Initialization.
[   40.310433] cloud-init[649]: |        o & B oo |
[   40.334593] cloud-init[649]: |         O %   . |
[[0;32m  OK  [0m] Listening on ACPID Listen Socket.
[[0;32m  OK  [0m] Started Message of the Day.
[   40.365406] cloud-init[649]: |        S B o    |
[   40.385277] cloud-init[649]: |     . . =       |
[   40.405378] cloud-init[649]: |    . .   .      |
[   40.408767] cloud-init[649]: |     ..  .       |
[   40.409840] cloud-init[649]: |      .o.        |
         Starting LXD - unix socket.
[[0;32m  OK  [0m] Listening on Open-iSCSI iscsid Socket.
[[0;32m  OK  [0m] Started Daily apt download activities.
[   40.441987] cloud-init[649]: +----[SHA256]-----+
[   40.445739] cloud-init[649]: Generating public/private ecdsa key pair.
[   40.445918] cloud-init[649]: Your identification has been saved in /etc/ssh/ssh_host_ecdsa_key.
[   40.446329] cloud-init[649]: Your public key has been saved in /etc/ssh/ssh_host_ecdsa_key.pub.
[   40.446743] cloud-init[649]: The key fingerprint is:
[   40.447165] cloud-init[649]: SHA256:mtAN6nsQzH4g6haOWpLLub6qdseyuh8BOfHbU/cJRMQ root@ubuntu-bionic
[   40.447619] cloud-init[649]: The key's randomart image is:
[   40.448071] cloud-init[649]: +---[ECDSA 256]---+
[   40.448498] cloud-init[649]: | .      ++       |
[   40.448897] cloud-init[649]: |  +     .E       |
[   40.449376] cloud-init[649]: | + +  .. o       |
[   40.449803] cloud-init[649]: |  + Bo.o. o .    |
[   40.450251] cloud-init[649]: | . =o=. S  o     |
[   40.450720] cloud-init[649]: |.o .+.oo         |
[   40.451171] cloud-init[649]: |* o.ooo          |
[   40.451619] cloud-init[649]: |oO.o.+.          |
[   40.452110] cloud-init[649]: |%OBo=.           |
[   40.452530] cloud-init[649]: +----[SHA256]-----+
[   40.452982] cloud-init[649]: Generating public/private ed25519 key pair.
[   40.453916] cloud-init[649]: Your identification has been saved in /etc/ssh/ssh_host_ed25519_key.
[   40.454337] cloud-init[649]: Your public key has been saved in /etc/ssh/ssh_host_ed25519_key.pub.
[   40.454751] cloud-init[649]: The key fingerprint is:
[   40.455172] cloud-init[649]: SHA256:lzY3dX72Uq6slaovfZZb3YPg00MWpZ53odTg4m2HSCI root@ubuntu-bionic
[   40.455605] cloud-init[649]: The key's randomart image is:
[   40.456060] cloud-init[649]: +--[ED25519 256]--+
[   40.456475] cloud-init[649]: |             . . |
[   40.456909] cloud-init[649]: |            . =  |
[   40.457326] cloud-init[649]: |       E . o =.o.|
[   40.457802] cloud-init[649]: |        . +.*.=o.|
[   40.458208] cloud-init[649]: |        S =+oX o*|
[   40.458630] cloud-init[649]: |         o.o*.+=*|
[   40.459052] cloud-init[649]: |           + ++o*|
[   40.459485] cloud-init[649]: |          . o+=+.|
[   40.459999] cloud-init[649]: |          .++++. |
[   40.460370] cloud-init[649]: +----[SHA256]-----+
[[0;32m  OK  [0m] Listening on UUID daemon activation socket.
[[0;32m  OK  [0m] Listening on D-Bus System Message Bus Socket.
[[0;32m  OK  [0m] Started ACPI Events Check.
[[0;32m  OK  [0m] Reached target Paths.
[[0;32m  OK  [0m] Started Daily apt upgrade and clean activities.
[[0;32m  OK  [0m] Started Discard unused blocks once a week.
         Starting Socket activation for snappy daemon.
[[0;32m  OK  [0m] Started Daily Cleanup of Temporary Directories.
[[0;32m  OK  [0m] Reached target Timers.
[[0;32m  OK  [0m] Reached target Network is Online.
[[0;32m  OK  [0m] Reached target Remote File Systems (Pre).
[[0;32m  OK  [0m] Reached target Remote File Systems.
         Starting Availability of block devices...
[[0;32m  OK  [0m] Reached target Cloud-config availability.
[[0;32m  OK  [0m] Listening on LXD - unix socket.
[[0;32m  OK  [0m] Listening on Socket activation for snappy daemon.
[[0;32m  OK  [0m] Reached target Sockets.
[[0;32m  OK  [0m] Reached target Basic System.
         Starting Login Service...
         Starting LSB: automatic crash report generation...
[[0;32m  OK  [0m] Started D-Bus System Message Bus.
[[0;32m  OK  [0m] Started Login Service.
[[0;32m  OK  [0m] Started Unattended Upgrades Shutdown.
         Starting Accounts Service...
[[0;32m  OK  [0m] Started Regular background program processing daemon.
         Starting System Logging Service...
         Starting Snappy daemon...
         Starting LSB: Record successful boot for GRUB...
[[0;32m  OK  [0m] Started irqbalance daemon.
         Starting Virtualbox guest utils...
[[0;32m  OK  [0m] Started Deferred execution scheduler.
         Starting Dispatcher daemon for systemd-networkd...
         Starting Permit User Sessions...
         Starting Pollinate to seed the pseudo random number generator...
[[0;32m  OK  [0m] Started FUSE filesystem for LXC.
         Starting LXD - container startup/shutdown...
[[0;32m  OK  [0m] Started Availability of block devices.
[[0;32m  OK  [0m] Started Permit User Sessions.
[[0;32m  OK  [0m] Started System Logging Service.
         Starting Authorization Manager...
         Starting Hold until boot process finishes up...
         Starting Terminate Plymouth Boot Screen...
[[0;32m  OK  [0m] Started Hold until boot process finishes up.
[[0;32m  OK  [0m] Started Terminate Plymouth Boot Screen.
[[0;32m  OK  [0m] Started Serial Getty on ttyS0.
         Starting Set console scheme...
[[0;32m  OK  [0m] Started LSB: automatic crash report generation.
[[0;32m  OK  [0m] Started Set console scheme.
[[0;32m  OK  [0m] Created slice system-getty.slice.
[[0;32m  OK  [0m] Started Getty on tty1.
[[0;32m  OK  [0m] Reached target Login Prompts.
[[0;32m  OK  [0m] Started LSB: Record successful boot for GRUB.
[[0;32m  OK  [0m] Started Authorization Manager.
[[0;32m  OK  [0m] Started Accounts Service.
[[0;32m  OK  [0m] Started Virtualbox guest utils.

Ubuntu 18.04.4 LTS ubuntu-bionic ttyS0

ubuntu-bionic login: [   68.033640] cloud-init[1500]: Cloud-init v. 19.4-33-gbb4131a2-0ubuntu1~18.04.1 running 'modules:config' at Sat, 07 Mar 2020 18:34:03 +0000. Up 63.59 seconds.
ci-info: no authorized SSH keys fingerprints found for user ubuntu.
<14>Mar  7 18:34:10 ec2: 
<14>Mar  7 18:34:10 ec2: #############################################################
<14>Mar  7 18:34:10 ec2: -----BEGIN SSH HOST KEY FINGERPRINTS-----
<14>Mar  7 18:34:10 ec2: 1024 SHA256:r7LQdUF1Cp7xKTzLzSR5ZR2AvEoemTx0RceUTkVDbW0 root@ubuntu-bionic (DSA)
<14>Mar  7 18:34:10 ec2: 256 SHA256:mtAN6nsQzH4g6haOWpLLub6qdseyuh8BOfHbU/cJRMQ root@ubuntu-bionic (ECDSA)
<14>Mar  7 18:34:10 ec2: 256 SHA256:lzY3dX72Uq6slaovfZZb3YPg00MWpZ53odTg4m2HSCI root@ubuntu-bionic (ED25519)
<14>Mar  7 18:34:10 ec2: 2048 SHA256:SrNfSLiRRtF27yG6BQhq22Sc4G+4edXkscJdEBNCYS8 root@ubuntu-bionic (RSA)
<14>Mar  7 18:34:10 ec2: -----END SSH HOST KEY FINGERPRINTS-----
<14>Mar  7 18:34:10 ec2: #############################################################
-----BEGIN SSH HOST KEY KEYS-----
ecdsa-sha2-nistp256 AAAAE2VjZHNhLXNoYTItbmlzdHAyNTYAAAAIbmlzdHAyNTYAAABBBJoh4g6r/FvSDxmmmceNqJx77X/4utVChD5o+MrYnpSVfHpYlVYl1Bns1lCmoBlmH84HeAes2lKk+LrhJDK1PfY= root@ubuntu-bionic
ssh-ed25519 AAAAC3NzaC1lZDI1NTE5AAAAIGoWpYfaJurtG3imabdkEgkwr5Q15mkWEg8x8UMdacDl root@ubuntu-bionic
ssh-rsa AAAAB3NzaC1yc2EAAAADAQABAAABAQC0gJpi5N5aRPEf/iCcqPUZP40IVidWv29gViVIHL5eSre8sBjCu/KLgDF22NgCLO+xB+11+IRPhdQtpbvOasYocTUnvipPGlAgRQizK4+KEHN/G9IAQuYyI8x+0Il2hhbfYVii2hZA74EjOkLQ6GP4iTwV+dIaf/Za32J/CAx9m6ARQKeY5JB3gULJqU9+uE8MDQCvNTEwivJGx5NvdPzfbf+cGm2QIXyOHqJKjB6yoZ9d49mBZSVmqA+sbF7N2ZIvDdBtR27Z/MQ71y+yPNlTUJPPIfUJTwVp5HsGzNdiZMNToKDfR7X/04yrF65tMKN7FvDZm8DQ/Q0DfooWLmJn root@ubuntu-bionic
-----END SSH HOST KEY KEYS-----
[   69.684716] cloud-init[1769]: Cloud-init v. 19.4-33-gbb4131a2-0ubuntu1~18.04.1 running 'modules:final' at Sat, 07 Mar 2020 18:34:09 +0000. Up 69.03 seconds.
[   69.684860] cloud-init[1769]: ci-info: no authorized SSH keys fingerprints found for user ubuntu.
[   69.684931] cloud-init[1769]: Cloud-init v. 19.4-33-gbb4131a2-0ubuntu1~18.04.1 finished at Sat, 07 Mar 2020 18:34:10 +0000. Datasource DataSourceNoCloud [seed=/dev/sdb][dsmode=net].  Up 69.67 seconds
